[godelterminal.com/index.html]
[backblue.gif]
[fade.gif]
[index.html]
[godelterminal.com/index.html]
[godelterminal.com/careers]
[godelterminal.com/referral]
[godelterminal.com/contact]
[godelterminal.com/cart]
[godelterminal.com/cart]
[godelterminal.com/careers]
[godelterminal.com/referral]
[godelterminal.com/contact]
[godelterminal.com/careers-senior-full-stack-engineer]
[godelterminal.com/careers-frontend-engineer]
[godelterminal.com/careers-backend-engineer]
[godelterminal.com/careers-data-entry-research-associate.html]
[godelterminal.com/careers-data-entry-research-associate.html]
[godelterminal.com/careers-senior-full-stack-engineer]
[godelterminal.com/careers-frontend-engineer]
[godelterminal.com/careers-backend-engineer]
